<?xml version="1.0" encoding="utf-8"?><testsuites><testsuite name="pytest" errors="0" failures="0" skipped="0" tests="3" time="89.424" timestamp="2021-05-03T20:49:52.497579" hostname="DESKTOP-8RIVL2I"><testcase classname="mainprogramfiles.test_Project1.TestOne" name="test_begin" time="65.716" /><testcase classname="mainprogramfiles.test_Project2.TestOne1" name="test_begin[setparams0]" time="15.556" /><testcase classname="mainprogramfiles.test_Project2.TestOne1" name="test_begin[setparams1]" time="6.581" /></testsuite></testsuites>